<?xml version="1.0" encoding="UTF-8"?>
<!-- Generated by org.testng.reporters.JUnitReportReporter -->
<testsuite hostname="Shubham" failures="0" tests="2" name="com.testNg.codes.IgnoreTest" time="0.022" errors="0" timestamp="2022-06-07T06:44:32 IST" skipped="1">
  <testcase classname="com.testNg.codes.IgnoreTest" name="testSalutationMessage" time="0.022"/>
  <system-out/>
  <testcase classname="com.testNg.codes.IgnoreTest" name="testPrintMessage">
    <skipped/>
  </testcase> <!-- testPrintMessage -->
  <system-out/>
</testsuite> <!-- com.testNg.codes.IgnoreTest -->
