<?xml version="1.0" encoding="UTF-8"?>
<!-- Generated by org.testng.reporters.JUnitReportReporter -->
<testsuite hostname="Shubham" failures="0" tests="2" name="com.testNg.codes.DataProviderTest" time="0.013" errors="0" timestamp="2022-06-07T08:45:10 IST" skipped="0">
  <testcase classname="com.testNg.codes.DataProviderTest" name="printUserName" time="0.011"/>
  <system-out/>
  <testcase classname="com.testNg.codes.DataProviderTest" name="printUserName" time="0.002"/>
  <system-out/>
</testsuite> <!-- com.testNg.codes.DataProviderTest -->
