<?xml version="1.0" encoding="UTF-8"?>
<!-- Generated by org.testng.reporters.JUnitReportReporter -->
<testsuite hostname="Shubham" failures="0" tests="2" name="com.testNg.codes.MessageUtilTest" time="0.009" errors="0" timestamp="2022-06-06T16:22:22 IST" skipped="0">
  <testcase classname="com.testNg.codes.MessageUtilTest" name="testSalutationMessage" time="0.002"/>
  <system-out/>
  <testcase classname="com.testNg.codes.MessageUtilTest" name="testPrintMessage" time="0.007"/>
  <system-out/>
</testsuite> <!-- com.testNg.codes.MessageUtilTest -->
