<?xml version="1.0" encoding="UTF-8"?>
<!-- Generated by org.testng.reporters.JUnitReportReporter -->
<testsuite hostname="Shubham" failures="0" tests="2" name="com.testNg.codes.ExpectedExeption" time="0.016" errors="0" timestamp="2022-06-07T06:56:16 IST" skipped="0">
  <testcase classname="com.testNg.codes.ExpectedExeption" name="testSalutationMessage" time="0.003"/>
  <system-out/>
  <testcase classname="com.testNg.codes.ExpectedExeption" name="testDivideByZero" time="0.013"/>
  <system-out/>
</testsuite> <!-- com.testNg.codes.ExpectedExeption -->
