<?xml version="1.0" encoding="UTF-8"?>
<!-- Generated by org.testng.reporters.JUnitReportReporter -->
<testsuite hostname="Shubham" failures="0" tests="1" name="com.testNg.codes.AppTest" time="0.008" errors="0" timestamp="2022-05-31T15:17:21 IST" skipped="0">
  <testcase classname="com.testNg.codes.AppTest" name="shouldAnswerWithTrue" time="0.008"/>
  <system-out/>
</testsuite> <!-- com.testNg.codes.AppTest -->
