<?xml version="1.0" encoding="UTF-8"?>
<!-- Generated by org.testng.reporters.JUnitReportReporter -->
<testsuite hostname="Shubham" failures="0" tests="3" name="com.testNg.codes.DependencyTestAnnotation" time="0.016" errors="0" timestamp="2022-06-07T07:11:45 IST" skipped="0">
  <testcase classname="com.testNg.codes.DependencyTestAnnotation" name="initMessage" time="0.010"/>
  <system-out/>
  <testcase classname="com.testNg.codes.DependencyTestAnnotation" name="testPrintMessage" time="0.004"/>
  <system-out/>
  <testcase classname="com.testNg.codes.DependencyTestAnnotation" name="testSalutationMessage" time="0.002"/>
  <system-out/>
</testsuite> <!-- com.testNg.codes.DependencyTestAnnotation -->
