<?xml version="1.0" encoding="UTF-8"?>
<!-- Generated by org.testng.reporters.JUnitReportReporter -->
<testsuite hostname="Shubham" failures="0" tests="1" name="com.testNg.codes.TestEmployeeDetails" time="0.010" errors="0" timestamp="2022-06-06T15:51:02 IST" skipped="0">
  <testcase classname="com.testNg.codes.TestEmployeeDetails" name="testEmployeeYearlySalaryIncrement" time="0.010"/>
  <system-out/>
</testsuite> <!-- com.testNg.codes.TestEmployeeDetails -->
