<?xml version="1.0" encoding="UTF-8"?>
<!-- Generated by org.testng.reporters.JUnitReportReporter -->
<testsuite hostname="Shubham" failures="0" tests="1" name="com.testNg.codes.PassingParametersTest" time="0.011" errors="0" timestamp="2022-06-07T07:29:24 IST" skipped="0">
  <testcase classname="com.testNg.codes.PassingParametersTest" name="parameterTest" time="0.011"/>
  <system-out/>
</testsuite> <!-- com.testNg.codes.PassingParametersTest -->
