<?xml version="1.0" encoding="UTF-8"?>
<!-- Generated by org.testng.reporters.JUnitReportReporter -->
<testsuite hostname="Shubham" failures="0" tests="2" name="com.testNg.codes.TestNgAnnotations" time="0.011" errors="0" timestamp="2022-06-06T15:48:15 IST" skipped="0">
  <testcase classname="com.testNg.codes.TestNgAnnotations" name="testCase1" time="0.008"/>
  <system-out/>
  <testcase classname="com.testNg.codes.TestNgAnnotations" name="testCase2" time="0.003"/>
  <system-out/>
</testsuite> <!-- com.testNg.codes.TestNgAnnotations -->
